[    .0000] nitializing cgroup subsys cpuset
[    0.000000] Initializing cgroup subsys cpu
[    0.000000] Initializing cgroup subsys cpuacct
[    0.000000] Linux version 4.4.0-112-generic (buildd@lgw01-amd64-010) (gcc version 5.4.0 20160609 (Ubuntu 5..06ubtu1~16.04.5 )135-Ubun SP Fri Jan1911:48:36 UTC 2018 (Ubuntu 4.4.0-112.135-generic 4.4.98)
[    0.000000] Command line: BOOIMAGE=/botvminuz-4.4.012geerc oot=LABEL=cloudimg-roos o console=tyconsole=ttyS0
[    0.000000] KERNEL supported cpus:
[    0.0000]   Intl nuinntl[   0.000]   AMD AuthenticAMD
[    0.000000]   Centaur CentaurHauls
[    0.000000] x86/fpu: xstate_offet]:  576, xstate_sizes[2]:  256
[    0.000000] x86/fpu: Sppting XVEfetu 0x01:'x floatig poit reisrs'
[    0.000000] x86/fpu: Supportin XAVE eaur 002'SSE regsts'
  0.00000 x6/fpu:Supoting XSVEfeatrex04: VXregistrs
    .0000] x6/u: Enabld xstae eature0x, cntext size is 832 byts, using 'stndd' forat
[   .00000] x86/puUsinglay' FP cntext ithes
   0.000000] e820BIS-provided physical RAM map
[    0.0000] IOS-e80:mem 0x0000000000000000-0x000000000fb] usae
   0.0000] BIOS-e820: [mem 0x000000000009fc00-0x000000000009ffff] resrvd
[    .00000 BOSe8: [mem0x000000f00-x00000000fff] esved
[   0.0000] BOS820: [m 00000001000-0x00000cefff] abe
[  0000000] BIOS-e820: [mem 0x00000000c17f0000-0x00000000c17fffff] ACPI data
[    0.000000] BIOS-e820: [mem 0x00000000fec00000-0x000000fec0ff reserved
[    0.000000] BIOS-e820: [mem 0x00000000fee00000-0x0000000e0fff] reerd
[    0.00000] IO-e20[mem 0x00000000fffc0000-0x00000000fffffff]reserved
[    0.000000] NX (Execute Disable) protection: activ
    0.0000] MBS 2.5 pren.
  0.000000 Hervisordeected: KVM
[    0.000000] e820: last_n  0x7f max_rch_p = 0x4000000[   00000] MT: isabled
[    0.000000] x86/AT MTRRsisabld,kipping P iniiazation o.
[  000000]PU MTs ll blnk virtualiedystem.
  0.0000]x86/PT: Cofiguratin 0-]: WB  WT  UC- UC  WB  WT  UC- UC  
[  .0000]foundMPMP-talet [mem 0x000ff0-0x0009fff] apped a [ff880000ff0][   .0000]Scning 1 ea forlomemorycouption
[    000000]AMDIK:mem 36dc00-07565f]
[    .0000]ACI:ary tablchckumveifictiondiabed
[  00000 ACPI: RSDP 0x00000000000E0000 00024 v0 VBX 
[  00000] ACP: SD 0000000C17F030000C 01 VBO  BOXXDT000001SL  00061)
[  0.000] ACPI: FCP0x000000C17F0F 0004 (v04VBX  VOXCP 00000 A  0000061)    .0000]AC: DS 00000000CF047 01FF v0VBOX   OXIO 000002 INL 010528)[   0.000] APIFACS x000000C17200 0004
   0.0000]ACPI: FACS 0x00000000C17F0200 0000
[   .00000] PI: API 00000000C17F0240 00C (v02VB   VOXIC 00001 AS  000061)
[    0.000000] ACPI: ST x00000C17F0A0001CC (1 BO  BOXCUT000000INTL200528
   0.00000] No NMAconfiraiofond
[    0.000000] Faking a node at [mem 0x0000000000000-0x00000c17eff
[    0000] OD_DAT0)alloatd [me 017eb00xc17ff]
[    000000]kv-clo: Using msrs 4b564d01 and 4b564d00
[    0.000000] kvm-clock: cpu 0,ms0:c13001, primary cpu clock
[    0.000000] kvm-clock: using sched offset of 343424379 cycles
[   0.0000]clocksrce: kvm-clock: mask: fffffffffffffaxcycles0xcd2effb,maidle_n: 1590913 ns
[   .00000] ne rng:
[  0000000  MA    [mem0x00000000000-00000000fffff
[    00000]  DA3    me0x000000100000x00000017efff
[   .0000]  orma  mpty
[  0000000]  Dvice   mpy
[   000000 Mvabe zonetat for acnode
[   .00000 Eary emrynoe raes
[   .0000] nod  : [mem0x00000000100x000000009eff]
[    000000]  no   0 [m 0x00000001000-0x000000c7efff][   0000] nitme stup node 0[mm 0x0000000000000x00000017efff
[   0.0000] AC: PMTimer IO Pt:0x408
[    0.00000 IPI[0]: icid, ersin 32, ddess xfc0000, I 0-3[  00000] ACI:INT_SC_VR (us busrq0 lol_irq dfl dfl
   0.0000 ACPI:INSRC_O (us 0buirq  gbal_ir 9ow lel
[   000000 Uin ACPI MAT) f SP nfguatn inormation
[    0.000000] smpboot:Allowig 2CPUs0 otplg PUs[   0.000] PM: egterenoave emy: [m 0x00000000-0x00000fff]
[    00000] P: egiserd osvememoy:[mm 0x00000-0x00ffff]
[  0.00000]PM Regsteed nosave memory: [mem 0x000a0000-0x000effff]
[   0.00000] P: Regierd osave memoy:[mem x00f000-0x0ffff
   0.00000e820 [m 0xc10000xfbffffavailae or PCI devies
[   .00000] Botg parairalized kernel o KVM
   00000] clocksorc: refined-jiffies: mask: 0xffffffff mx_cycles: 0xffffffff, max_idle_ns: 7645519600211568 ns
[    0.000000] setup_percpu: NR_CPUS:512 nr_cpumask_bits:512 nr_cpu_ids:2 nr_node_ds1
[  000000 PRCPU: Eedded4 ags/u @ff880c1200000 s99544 r8192 d31528 u1048576
[    0.000000] PV qspinlock hash table entries: 256 (order: 0, 4096 bytes)
[    0.000000] Built 1 zonelists in Node order, mobility grouping on.  Total pages: 7807
[    0.000000] Policy zone: DMA32
[   000000] erel command line: BOOT_IMGEboot/mluz-44.-12-genicroot=LAEL=clouimg-rootfs o onso=ty1coole=ttS0
[   0.000000] PID hash table entries: 406 (ordr:3, 368byes
[    0.000000] Memory: 3088656K/3169848K available (8499K kernel code, 1309K rwdata, 3988K rodata, 1508K init, 1316K bss, 81192K reserved, 0K cmaesrved)
[  00000] LUB: HWalign=4,Orer=03,inObjects=0, CPUs=2, Node1
[   0000] erelser ag tablesisation:enled[   00000] iearhical RU plemenaton.
   0.0000] 	Biltimeadstmet  lea fout o 4.
[    .0000] 	RCretrctg CPUfrm NR_CPUS=512 to nr_cu_s=2.
[    000000] RC: djustg eomeryor r_fnout_leaf=64, nr_cpu_ids
    0.000000] NR_IRQS:33024 nr_irqs:440 16
[    0.000000] Console: colour VGA+ 80x25
[    0.000000] console [tty1] enabled
[    0.000000] console [ttyS0] enabled
[    0.000000] tsc: Detected 1599.999 MHz processor
[   23.964595] Calibrating delay loop (skipped) preset value.. 319.99 BogoMIPS (lpj=6399996)
[   24.020516] pid_max: default: 32768 minimum: 301
[   24.025203] ACPI: Core revision 20150930
[   24.027910] ACPI: 2 ACPI AML tables successfully acquired and loaded
[   24.070834] Security Framework initialized
[   24.080704] Yama: becoming mindful.
[   24.085020] AppArmor: AppArmor initialized
[   24.089254] Dentry cache hash table entries: 524288 (order: 10, 4194304 bytes)
[   24.191397] Inode-cache hash table entries: 262144 (order: 9, 2097152 bytes)
[   24.312376] Mount-cache hash table entries: 8192 (order: 4, 65536 bytes)
[   24.419957] Mountpoint-cache hash table entries: 8192 (order: 4, 65536 bytes)
[   24.535016] Initializing cgroup subsys io
[   24.600198] Initializing cgroup subsys memory
[   24.657696] Initializing cgroup subsys devices
[   24.724125] Initializing cgroup subsys freezer
[   24.737990] Initializing cgroup subsys net_cls
[   24.787632] Initializing cgroup subsys perf_event
[   24.820633] Initializing cgroup subsys net_prio
[   24.835644] Initializing cgroup subsys hugetlb
[   24.892267] Initializing cgroup subsys pids
[   24.894149] CPU: Physical Processor ID: 0
[   24.895845] CPU: Processor Core ID: 0
[   24.897414] FEATURE SPEC_CTRL Not Present
[   24.911445] mce: CPU supports 0 MCE banks
[   24.926383] Last level iTLB entries: 4KB 64, 2MB 8, 4MB 8
[   24.950255] Last level dTLB entries: 4KB 64, 2MB 0, 4MB 0, 1GB 4
[   25.019720] Freeing SMP alternatives memory: 32K
[   25.073252] ftrace: allocating 32180 entries in 126 pages
[   25.180057] smpboot: APIC(0) Converting physical 0 to logical package 0
[   25.205612] smpboot: Max logical packages: 1
[   25.208245] x2apic enabled
[   25.216669] Switched APIC routing to physical x2apic.
[   25.220136] ..TIMER: vector=0x30 apic1=0 pin1=2 apic2=-1 pin2=-1
[   25.326929] smpboot: CPU0: Intel(R) Core(TM) i5-5250U CPU @ 1.60GHz (family: 0x6, model: 0x3d, stepping: 0x4)
[   25.395976] Performance Events: unsupported p6 CPU model 61 no PMU driver, software events only.
[   25.406728] KVM setup paravirtual spinlock
[   25.450472] x86: Booting SMP configuration:
[   25.459502] .... node  #0, CPUs:      #1
[   25.461586] kvm-clock: cpu 1, msr 0:c17e3041, secondary cpu clock
[   25.502029] mce: CPU supports 0 MCE banks
[   25.505435] x86: Booted up 1 node, 2 CPUs
[   25.530933] smpboot: Total of 2 processors activated (6399.99 BogoMIPS)
[   25.577612] devtmpfs: initialized
[   25.617421] evm: security.selinux
[   25.652688] evm: security.SMACK64
[   25.713013] evm: security.SMACK64EXEC
[   25.737657] evm: security.SMACK64TRANSMUTE
[   25.769572] evm: security.SMACK64MMAP
[   25.775716] evm: security.ima
[   25.776993] evm: security.capability
[   25.800471] clocksource: jiffies: mask: 0xffffffff max_cycles: 0xffffffff, max_idle_ns: 7645041785100000 ns
[   25.860635] futex hash table entries: 512 (order: 3, 32768 bytes)
[   25.922800] pinctrl core: initialized pinctrl subsystem
[   25.963714] RTC time: 15:22:13, date: 03/06/18
[   26.003232] NET: Registered protocol family 16
[   26.048977] cpuidle: using governor ladder
[   26.084610] cpuidle: using governor menu
[   26.136302] PCCT header not found.
[   26.163269] ACPI: bus type PCI registered
[   26.201059] acpiphp: ACPI Hot Plug PCI Controller Driver version: 0.5
[   26.240839] PCI: Using configuration type 1 for base access
[   26.322223] ACPI: Added _OSI(Module Device)
[   26.364509] ACPI: Added _OSI(Processor Device)
[   26.421068] ACPI: Added _OSI(3.0 _SCP Extensions)
[   26.467513] ACPI: Added _OSI(Processor Aggregator Device)
[   26.529638] ACPI: Executed 1 blocks of module-level executable AML code
[   26.637235] ACPI: Interpreter enabled
[   26.684849] ACPI: (supports S0 S5)
[   26.726830] ACPI: Using IOAPIC for interrupt routing
[   26.787438] PCI: Using host bridge windows from ACPI; if necessary, use "pci=nocrs" and report a bug
[   26.881593] ACPI: PCI Root Bridge [PCI0] (domain 0000 [bus 00-ff])
[   26.931309] acpi PNP0A03:00: _OSC: OS supports [ASPM ClockPM Segments MSI]
[   26.973014] acpi PNP0A03:00: _OSC: not requesting OS control; OS requires [ExtendedConfig ASPM ClockPM MSI]
[   27.051860] acpi PNP0A03:00: fail to add MMCONFIG information, can't access extended PCI configuration space under this bridge.
[   27.202061] PCI host bridge to bus 0000:00
[   27.265604] pci_bus 0000:00: root bus resource [io  0x0000-0x0cf7 window]
[   27.315714] pci_bus 0000:00: root bus resource [io  0x0d00-0xffff window]
[   27.388658] pci_bus 0000:00: root bus resource [mem 0x000a0000-0x000bffff window]
[   27.458802] pci_bus 0000:00: root bus resource [mem 0xc1800000-0xfdffffff window]
[   27.506533] pci_bus 0000:00: root bus resource [bus 00-ff]
[   27.532507] pci 0000:00:01.1: legacy IDE quirk: reg 0x10: [io  0x01f0-0x01f7]
[   27.593005] pci 0000:00:01.1: legacy IDE quirk: reg 0x14: [io  0x03f6]
[   27.614015] pci 0000:00:01.1: legacy IDE quirk: reg 0x18: [io  0x0170-0x0177]
[   27.623556] pci 0000:00:01.1: legacy IDE quirk: reg 0x1c: [io  0x0376]
[   27.712944] pci 0000:00:07.0: quirk: [io  0x4000-0x403f] claimed by PIIX4 ACPI
[   27.756921] pci 0000:00:07.0: quirk: [io  0x4100-0x410f] claimed by PIIX4 SMB
[   27.803100] ACPI: PCI Interrupt Link [LNKA] (IRQs 5 9 10 *11)
[   27.823427] ACPI: PCI Interrupt Link [LNKB] (IRQs 5 9 *10 11)
[   27.838413] ACPI: PCI Interrupt Link [LNKC] (IRQs 5 *9 10 11)
[   27.853547] ACPI: PCI Interrupt Link [LNKD] (IRQs 5 9 10 *11)
[   27.872360] ACPI: Enabled 2 GPEs in block 00 to 07
[   27.887379] vgaarb: setting as boot device: PCI:0000:00:02.0
[   27.895575] vgaarb: device added: PCI:0000:00:02.0,decodes=io+mem,owns=io+mem,locks=none
[   27.920474] vgaarb: loaded
[   27.938029] vgaarb: bridge control possible 0000:00:02.0
[   27.971902] SCSI subsystem initialized
[   27.973995] ACPI: bus type USB registered
[   27.988515] usbcore: registered new interface driver usbfs
[   28.013421] usbcore: registered new interface driver hub
[   28.023487] usbcore: registered new device driver usb
[   28.026060] PCI: Usinn ACPI for IRQ routing
[   28.034587] NetLabel: Initializing
[   28.075906] NetLabel:  domain hash size = 128
[   28.120290] NetLabel:  protocols = UNLABELED CIPSOv4
[   28.167968] NetLabel:  unlabeled traffic allowed by default
[   28.227343] amd_nb: Cannot enumerate AMD northbridges
[   28.255072] clocksource: Switched to clocksource kvm-clock
[   28.6970ApAror: ppmoFiesste Eabd   2.972 p: P CPin
  9.060]pnp:nPCP fnd dices
[   29.892883] clocksource: acpi_pm: mask: 0xffffff max_cycles: 0xffffff, max_idle_ns: 2085701024 ns
[   29.931297] NET: Registered protocol family 2
[   29.933396] TCP established hash table entries: 32768 (order: 6, 262144 bytes)
[   29.950738] TCP bind hash table entries: 32768 (order: 7, 524288 bytes)
[   30.030399] TCP: Hash tables configured (established 32768 bind 32768)
[   30.044656] UDP hash table entries: 2048 (order: 4, 65536 bytes)
[   30.058019] UDP-Lite hash table entries: 2048 (order: 4, 65536 bytes)
[   30.060913] NET: Registered protocol family 1
[   30.099437] pci 0000:00:00.0: Limiting direct PCI/PCI transfers
[   30.237864] pci 0000:00:01.0: Activating ISA DMA hang workarounds
[   30.296635] Unpacking initramfs...
[   32.478825] Freeing initrd memory: 10792K
[   32.535206] RAPL PMU detected, API unit is 2^-32 Joules, 4 fixed counters 10737418240 ms ovfl timer
[   32.616554] hw unit of domain pp0-core 2^-0 Joules
[   32.737673] hw unit of domain package 2^-0 Joules
[   32.766234] hw unit of domain dram 2^-0 Joules
[   32.821250] hw unit of domain pp1-gpu 2^-0 Joules
[   2.527]laorrtcm: gierd atrmTC deve o P vi fnd
[ 33331]scReneTS cckure albraton161.2 z
[   34.0441clksrc t: sk0xffffffffaxcycles:0x7102bc, max_iles:405296ns
[   35.79] anng for low memory corruption every 60 seconds

[   35.778390] audit: initializing netlink subsys (disabled)
[   35.778407] audit: type=2000 audit(1520349721.075:1): initialized
[   35.778858] Initialise system trusted keyring
[   35.778994] HugeTLB registered 2 MB page size, pre-allocated 0 pages
[   35.781431] zbud: loaded
[   35.781718] VFS: Disk quotas dquot_6.6.0
[   35.781769] VFS: Dquot-cache hash table entries: 512 (order 0, 4096 bytes)
[   35.782154] squashfs: version 4.0 (2009/01/31) Phillip Lougher
[   35.782579] fuse init (API version 7.23)
[   35.782769] Key type big_key registered
[   35.782800] Allocating IMA MOK and blacklist keyrings.
[   35.783157] Key type asymmetric registered
[   35.783166] Asymmetric key parser 'x509' registered
[   35.783222] Block layer SCSI generic (bsg) driver version 0.4 loaded (major 249)
[   35.783252] io scheduler noop registered
[   35.783254] io scheduler deadline registered (default)
[   35.783297] io scheduler cfq registered
[   35.783440] pci_hotplug: PCI Hot Plug PCI Core version: 0.5
[   35.783449] pciehp: PCI Express Hot Plug Controller Driver version: 0.4
[   35.784281] ACPI: AC Adapter [AC] (off-line)
[   35.784372] input: Power Button as /devices/LNXSYSTM:00/LNXPWRBN:00/input/input0
[   35.784375] ACPI: Power Button [PWRF]
[   35.784540] input: Sleep Button as /devices/LNXSYSTM:00/LNXSLPBN:00/input/input1
[   35.784543] ACPI: Sleep Button [SLPF]
[   35.784834] GHES: HEST is not enabled!
[   35.784962] Serial: 8250/16550 driver, 32 ports, IRQ sharing enabled
[   36.153685] 00:02: ttyS0 at I/O 0x3f8 (irq = 4, base_baud = 115200) is a 16550A
[   36.380579] Linux agpgart interface v0.103
[   36.385975] ACPI: Battery Slot [BAT0] (battery present)
[   36.387689] loop: module loaded
[   36.388334] scsi host0: ata_piix
[   36.388393] scsi host1: ata_piix
[   36.388426] ata1: PATA max UDMA/33 cmd 0x1f0 ctl 0x3f6 bmdma 0xd000 irq 14
[   36.388427] ata2: PATA max UDMA/33 cmd 0x170 ctl 0x376 bmdma 0xd008 irq 15
[   36.388504] libphy: Fixed MDIO Bus: probed
[   36.388505] tun: Universal TUN/TAP device driver, 1.6
[   36.388506] tun: (C) 1999-2004 Max Krasnyansky <maxk@qualcomm.com>
[   36.388950] PPP generic driver version 2.4.2
[   36.389010] ehci_hcd: USB 2.0 'Enhanced' Host Controller (EHCI) Driver
[   36.389014] ehci-pci: EHCI PCI platform driver
[   36.389029] ehci-platform: EHCI generic platform driver
[   36.389038] ohci_hcd: USB 1.1 'Open' Host Controller (OHCI) Driver
[   36.389041] ohci-pci: OHCI PCI platform driver
[   36.389049] ohci-platform: OHCI generic platform driver
[   36.389056] uhci_hcd: USB Universal Host Controller Interface driver
[   36.389112] i8042: PNP: PS/2 Controller [PNP0303:PS2K,PNP0f03:PS2M] at 0x60,0x64 irq 1,12
[   36.407357] serio: i8042 KBD port at 0x60,0x64 irq 1
[   36.407373] serio: i8042 AUX port at 0x60,0x64 irq 12
[   36.407565] mousedev: PS/2 mouse device common for all mice
[   36.408071] rtc_cmos rtc_cmos: rtc core: registered rtc_cmos as rtc0
[   36.408135] rtc_cmos rtc_cmos: alarms up to one day, 114 bytes nvram
[   36.408142] i2c /dev entries driver
[   36.408204] device-mapper: uevent: version 1.0.3
[   36.408261] device-mapper: ioctl: 4.34.0-ioctl (2015-10-28) initialised: dm-devel@redhat.com
[   36.408281] ledtrig-cpu: registered to indicate activity on CPUs
[   36.408630] NET: Registered protocol family 10
[   36.408790] NET: Registered protocol family 17
[   36.408801] Key type dns_resolver registered
[   36.421688] microcode: CPU0 sig=0x306d4, pf=0x40, revision=0x0
[   36.421716] microcode: CPU1 sig=0x306d4, pf=0x40, revision=0x0
[   36.421863] microcode: Microcode Update Driver: v2.01 <tigran@aivazian.fsnet.co.uk>, Peter Oruba
[   36.422050] registered taskstats version 1
[   36.422064] Loading compiled-in X.509 certificates
[   36.422771] Loaded X.509 cert 'Build time autogenerated kernel key: 4c603087bab8f0a02cb3b4e1fb4c40f507e71ef1'
[   36.422795] zswap: loaded using pool lzo/zbud
[   36.424896] Key type trusted registered
[   36.428814] Key type encrypted registered
[   36.428824] AppArmor: AppArmor sha1 policy hashing enabled
[   36.428829] ima: No TPM chip found, activating TPM-bypass!
[   36.428854] evm: HMAC attrs: 0x1
[   36.429307]   Magic number: 10:843:385
[   36.429323] thermal cooling_device0: hash matches
[   36.433663] rtc_cmos rtc_cmos: setting system clock to 2018-03-06 15:22:23 UTC (1520349743)
[   36.433947] BIOS EDD facility v0.16 2004-Jun-25, 0 devices found
[   36.433948] EDD information not available.
[   36.651688] input: AT Translated Set 2 keyboard as /devices/platform/i8042/serio0/input/input2
[   38.766950] Freeing unused kernel memory: 1508K
[   38.840508] Write protecting the kernel read-only data: 14336k
[   38.899519] Freeing unused kernel memory: 1728K
[   38.941900] Freeing unused kernel memory: 108K
Loading, please wait...
starting version[   39.005802] random: systemd-udevd: uninitialized urandom read (16 bytes read, 7 bits of entropy available)
 229
[   39.006982] random: udevadm: uninitialized urandom read (16 bytes read, 7 bits of entropy available)
[   39.007033] random: udevadm: uninitialized urandom read (16 bytes read, 7 bits of entropy available)
[   39.026526] random: udevadm: uninitialized urandom read (16 bytes read, 7 bits of entropy available)
[   39.026602] random: udevadm: uninitialized urandom read (16 bytes read, 7 bits of entropy available)
[   39.026863] random: udevadm: uninitialized urandom read (16 bytes read, 7 bits of entropy available)
[   39.027031] random: udevadm: uninitialized urandom read (16 bytes read, 7 bits of entropy available)
[   39.027386] random: udevadm: uninitialized urandom read (16 bytes read, 7 bits of entropy available)
[   39.027506] random: udevadm: uninitialized urandom read (16 bytes read, 7 bits of entropy available)
[   39.027608] random: udevadm: uninitialized urandom read (16 bytes read, 7 bits of entropy available)
[   39.518140] Fusion MPT base driver 3.04.20
[   39.532206] Copyright (c) 1999-2008 LSI Corporation
[   39.545254] e1000: Intel(R) PRO/1000 Network Driver - version 7.3.21-k8-NAPI
[   39.575673] e1000: Copyright (c) 1999-2006 Intel Corporation.
[   39.641140] Fusion MPT SPI Host driver 3.04.20
[   39.673914] AVX2 version of gcm_enc/dec engaged.
[   39.688964] AES CTR mode by8 optimization enabled
[   39.868711] input: ImExPS/2 Generic Explorer Mouse as /devices/platform/i8042/serio1/input/input4
[   40.110235] e1000 0000:00:03.0 eth0: (PCI:33MHz:32-bit) 02:db:14:78:b4:e6
[   40.162060] e1000 0000:00:03.0 eth0: Intel(R) PRO/1000 Network Connection
[   40.182786] mptbase: ioc0: Initiating bringup
[   40.264699] ioc0: LSI53C1030 A0: Capabilities={Initiator}
[   40.507521] scsi host2: ioc0: LSI53C1030 A0, FwRev=00000000h, Ports=1, MaxQ=256, IRQ=20
[   40.708441] scsi 2:0:0:0: Direct-Access     VBOX     HARDDISK         1.0  PQ: 0 ANSI: 5
[   40.796384] scsi target2:0:0: Beginning Domain Validation
[   40.816175] scsi target2:0:0: Domain Validation skipping write tests
[   40.821097] scsi target2:0:0: Ending Domain Validation
[   40.823432] scsi target2:0:0: asynchronous
[   40.833320] scsi 2:0:1:0: Direct-Access     VBOX     HARDDISK         1.0  PQ: 0 ANSI: 5
[   40.836896] scsi target2:0:1: Beginning Domain Validation
[   40.842517] scsi target2:0:1: Domain Validation skipping write tests
[   40.877175] scsi target2:0:1: Ending Domain Validation
[   40.893235] scsi target2:0:1: asynchronous
[   40.908064] sd 2:0:0:0: Attached scsi generic sg0 type 0
[   40.914512] sd 2:0:0:0: [sda] 20971520 512-byte logical blocks: (10.7 GB/10.0 GiB)
[   40.924037] sd 2:0:1:0: Attached scsi generic sg1 type 0
[   40.941834] sd 2:0:1:0: [sdb] 20480 512-byte logical blocks: (10.5 MB/10.0 MiB)
[   40.990474] sd 2:0:0:0: [sda] Write Protect is off
[   40.993896] sd 2:0:0:0: [sda] Incomplete mode parameter data
[   40.996351] sd 2:0:0:0: [sda] Assuming drive cache: write through
[   41.002268] sd 2:0:1:0: [sdb] Write Protect is off
[   41.007195] sd 2:0:1:0: [sdb] Incomplete mode parameter data
[   41.039526] sd 2:0:1:0: [sdb] Assuming drive cache: write through
[   41.048558]  sda: sda1
[   41.059883] sd 2:0:1:0: [sdb] Attached SCSI disk
[   41.095936] sd 2:0:0:0: [sda] Attached SCSI disk
[   41.151793] e1000 0000:00:08.0 eth1: (PCI:33MHz:32-bit) 08:00:27:e3:bd:46
[   41.189434] e1000 0000:00:08.0 eth1: Intel(R) PRO/1000 Network Connection
[   41.252746] e1000 0000:00:08.0 enp0s8: renamed from eth1
[   41.319520] e1000 0000:00:03.0 enp0s3: renamed from eth0
[   42.537120] floppy0: no floppy controllers found
Begin: Loading e[   45.025416] md: linear personality registered for level -1
ssential drivers[   45.110469] md: multipath personality registered for level -4
 ... [   45.211963] md: raid0 personality registered for level 0
[   45.256772] md: raid1 personality registered for level 1
[   45.407364] raid6: sse2x1   gen()  7997 MB/s
[   45.551237] raid6: sse2x1   xor()  5539 MB/s
[   45.679131] raid6: sse2x2   gen()  9916 MB/s
[   45.783653] raid6: sse2x2   xor()  6747 MB/s
[   45.895215] raid6: sse2x4   gen()  7363 MB/s
[   45.979134] raid6: sse2x4   xor()  5034 MB/s
[   46.099157] raid6: avx2x1   gen() 13987 MB/s
[   46.215109] raid6: avx2x2   gen() 17850 MB/s
[   46.347741] raid6: avx2x4   gen() 18174 MB/s
[   46.376398] raid6: using algorithm avx2x4 gen() 18174 MB/s
[   46.406401] raid6: using avx2x2 recovery algorithm
[   46.440786] xor: automatically using best checksumming function:
[   46.543318]    avx       : 18471.000 MB/sec
[   46.584958] async_tx: api initialized (async)
[   46.595859] md: raid6 personality registered for level 6
[   46.648539] md: raid5 personality registered for level 5
[   46.676587] md: raid4 personality registered for level 4
[   46.728463] md: raid10 personality registered for level 10
done.
Begin: Running /scripts/init-premount ... done.
Begin: Mounti[   46.791476] Btrfs loaded
ng root file system ... Begin: Running /scripts/local-top ... done.
Begin: Running /scripts/local-premount ... Scanning for Btrfs filesystems
done.
Warning: fsck not present, so sk[   46.908210] EXT4-fs (sda1): mounted filesystem with ordered data mode. Opts: (null)
ipping root file system
done.
Begin: Running /scripts/local-bottom ... done.
Begin: Running /scripts/init-bottom ... done.
[   47.152923] systemd[1]: systemd 229 running in system mode. (+PAM +AUDIT +SELINUX +IMA +APPARMOR +SMACK +SYSVINIT +UTMP +LIBCRYPTSETUP +GCRYPT +GNUTLS +ACL +XZ -LZ4 +SECCOMP +BLKID +ELFUTILS +KMOD -IDN)
[   47.238182] systemd[1]: Detected virtualization oracle.
[   47.284295] systemd[1]: Detected architecture x86-64.

Welcome to [1mUbuntu 16.04.3 LTS[0m!

[   47.356857] systemd[1]: Set hostname to <ubuntu>.
[   47.375736] systemd[1]: Initializing machine ID from random generator.
[   47.383014] systemd[1]: Installed transient /etc/machine-id file.
[   47.597618] systemd[1]: Listening on Journal Socket (/dev/log).
[[0;32m  OK  [0m] Listening on Journal Socket (/dev/log).
[   47.740629] systemd[1]: Created slice User and Session Slice.
[[0;32m  OK  [0m] Created slice User and Session Slice.
[   47.883959] systemd[1]: Listening on Device-mapper event daemon FIFOs.
[[0;32m  OK  [0m] Listening on Device-mapper event daemon FIFOs.
[   48.012339] systemd[1]: Started Forward Password Requests to Wall Directory Watch.
[[0;32m  OK  [0m] Started Forward Password Requests to Wall Directory Watch.
[   48.183815] systemd[1]: Listening on udev Control Socket.
[[0;32m  OK  [0m] Listening on udev Control Socket.
[   48.219840] systemd[1]: Listening on Journal Socket.
[[0;32m  OK  [0m] Listening on Journal Socket.
[   48.268017] systemd[1]: Reached target User and Group Name Lookups.
[[0;32m  OK  [0m] Reached target User and Group Name Lookups.
[   48.343329] systemd[1]: Listening on LVM2 poll daemon socket.
[[0;32m  OK  [0m] Listening on LVM2 poll daemon socket.
[   48.400394] systemd[1]: Listening on udev Kernel Socket.
[[0;32m  OK  [0m] Listening on udev Kernel Socket.
[   48.496279] systemd[1]: Reached target Encrypted Volumes.
[[0;32m  OK  [0m] Reached target Encrypted Volumes.
[   48.640410] systemd[1]: Set up automount Arbitrary Executable File Formats File System Automount Point.
[[0;32m  OK  [0m] Set up automount Arbitrary Executab...ats File System Automount Point.
[   48.792722] systemd[1]: Started Trigger resolvconf update for networkd DNS.
[[0;32m  OK  [0m] Started Trigger resolvconf update for networkd DNS.
[   48.883630] systemd[1]: Listening on /dev/initctl Compatibility Named Pipe.
[[0;32m  OK  [0m] Listening on /dev/initctl Compatibility Named Pipe.
[   49.035677] systemd[1]: Listening on Syslog Socket.
[[0;32m  OK  [0m] Listening on Syslog Socket.
[   49.166305] systemd[1]: Listening on LVM2 metadata daemon socket.
[[0;32m  OK  [0m] Listening on LVM2 metadata daemon socket.
[   49.259425] systemd[1]: Created slice System Slice.
[[0;32m  OK  [0m] Created slice System Slice.
[   49.339492] systemd[1]: Starting Monitoring of LVM2 mirrors, snapshots etc. using dmeventd or progress polling...
[   49.340264] random: nonblocking pool is initialized
         Starting Monitoring of LVM2 mirrors... dmeventd or progress polling...
[   49.471822] systemd[1]: Mounting Debug File System...
         Mounting Debug File System...
[   49.524055] systemd[1]: Starting Create list of required static device nodes for the current kernel...
         Starting Create list of required st... nodes for the current kernel...
[   49.542426] systemd[1]: Starting Load Kernel Modules...
         Startin[   49.569837] Loading iSCSI transport class v2.0-870.
g Load Kernel Mo[   49.616105] iscsi: registered transport (tcp)
dules...
[   49.694699] iscsi: registered transport (iser)
[   49.735418] systemd[1]: Starting Nameserver information manager...
         Starting Nameserver information manager...
[   49.836982] systemd[1]: Starting Set console keymap...
         Starting Set console keymap...
[   49.887543] systemd[1]: Mounting Huge Pages File System...
         Mounting Huge Pages File System...
[   50.019826] systemd[1]: Starting Uncomplicated firewall...
         Starting Uncomplicated firewall...
[   50.109129] systemd[1]: Created slice system-serial\x2dgetty.slice.
[[0;32m  OK  [0m] Created slice system-serial\x2dgetty.slice.
[   50.203894] systemd[1]: Starting Remount Root and Kernel File Systems...
[   50.210701] EXT4-fs (sda1): re-mounted. Opts: (null)
         Starting Remount Root and Kernel File Systems...
[   50.392005] systemd[1]: Mounting POSIX Message Queue File System...
         Mounting POSIX Message Queue File System...
[   50.519716] systemd[1]: Reached target Slices.
[[0;32m  OK  [0m] Reached target Slices.
[   50.565516] systemd[1]: Listening on Journal Audit Socket.
[[0;32m  OK  [0m] Listening on Journal Audit Socket.
[   50.691948] systemd[1]: Starting Journal Service...
         Starting Journal Service...
[   50.747807] systemd[1]: Reached target Swap.
[[0;32m  OK  [0m] Reached target Swap.
[   50.873262] systemd[1]: Mounted POSIX Message Queue File System.
[[0;32m  OK  [0m] Mounted POSIX Message Queue File System.
[   51.019659] systemd[1]: Mounted Debug File System.
[[0;32m  OK  [0m] Mounted Debug File System.
[   51.100025] systemd[1]: Mounted Huge Pages File System.
[[0;32m  OK  [0m] Mounted Huge Pages File System.
[   51.183704] systemd[1]: Started Journal Service.
[[0;32m  OK  [0m] Started Journal Service.
[[0;32m  OK  [0m] Started Create list of required sta...ce nodes for the current kernel.
[[0;32m  OK  [0m] Started Load Kernel Modules.
[[0;32m  OK  [0m] Started Set console keymap.
[[0;32m  OK  [0m] Started Uncomplicated firewall.
[[0;32m  OK  [0m] Started Remount Root and Kernel File Systems.
[[0;32m  OK  [0m] Started Nameserver information manager.
[[0;32m  OK  [0m] Started LVM2 metadata daemon.
         Starting udev Coldplug all Devices...
         Starting Initial cloud-init job (pre-networking)...
         Starting Load/Save Random Seed...
         Starting Apply Kernel Variables...
         Mounting FUSE Control File System...
         Starting Create Static Device Nodes in /dev...
         Starting Flush Journal to Persistent Storage...
[[0;32m  OK  [0m] Mounted FUSE Control File System.
[[0;32m  OK  [0m] Started Load/Save Random Seed.
[[0;32m  OK  [0m] Started Apply Kernel Variables.
[[0;32m  OK  [0m] Started Monitoring of LVM2 mirrors,...ng dmeventd or progress polling.
[[0;32m  OK  [0m] Started Create Static Device Nodes in /dev.
[[0;32m  OK  [0m] Started udev Coldplug all Devices.
[[0;32m  OK  [0m] Started Flush Journal to Persistent Storage.
         Starting udev Kernel Device Manager...
[[0;32m  OK  [0m] Started udev Kernel Device Manager.
[[0;32m  OK  [0m] Started Dispatch Password Requests to Console Directory Watch.
[[0;32m  OK  [0m] Reached target Local File Systems (Pre).
[[0;32m  OK  [0m] Reached target Local File Systems.
         Starting Tell Plymouth To Write Out Runtime Data...
         Starting LSB: AppArmor initialization...
         Starting Create Volatile Files and Directories...
         Starting Commit a transient machine-id on disk...
         Starting Set console font and keymap...
[[0;32m  OK  [0m] Started Tell Plymouth To Write Out Runtime Data.
[[0;32m  OK  [0m] Started Create Volatile Files and Directories.
[[0;32m  OK  [0m] Started Commit a transient machine-id on disk.
[   25.377138] cloud-init[449]: Cloud-init v. 17.1 running 'init-local' at Tue, 06 Mar 2018 15:22:39 +0000. Up 24.76 seconds.
[[0;32m  OK  [0m] Found device /dev/ttyS0.
[[0;32m  OK  [0m] Reached target System Time Synchronized.
         Starting Update UTMP about System Boot/Shutdown...
[[0;32m  OK  [0m] Started Initial cloud-init job (pre-networking).
[[0;32m  OK  [0m] Started Update UTMP about System Boot/Shutdown.
[[0;32m  OK  [0m] Reached target Network (Pre).
[[0;32m  OK  [0m] Listening on Load/Save RF Kill Switch Status /dev/rfkill Watch.
[[0;32m  OK  [0m] Found device 82540EM Gigabit Ethern...r (PRO/1000 MT Desktop Adapter).
[[0;32m  OK  [0m] Started LSB: AppArmor initialization.
[[0;32m  OK  [0m] Started ifup for enp0s3.
         Starting Raise network interfaces...
[[0;32m  OK  [0m] Started Set console font and keymap.
[[0;32m  OK  [0m] Created slice system-getty.slice.
[[0;32m  OK  [0m] Started Raise network interfaces.
         Starting Initial cloud-init job (metadata service crawler)...
[[0;32m  OK  [0m] Reached target Network.
[   29.897972] cloud-init[972]: Cloud-init v. 17.1 running 'init' at Tue, 06 Mar 2018 15:22:43 +0000. Up 28.73 seconds.
[   29.918966] cloud-init[972]: ci-info: ++++++++++++++++++++++++++++++++++++++Net device info++++++++++++++++++++++++++++++++++++++
[   29.950031] cloud-init[972]: ci-info: +--------+-------+----------------------------+---------------+-------+-------------------+
[   30.041319] [cloud-init[0;32m  OK  [0m[972]: ] ci-info: | Device |   Up  |          Address           |      Mask     | Scope |     Hw-Address    |Started Initial cloud-init job (metadata service crawler).

[   30.042457] cloud-init[972]: ci-info: +--------+-------+----------------------------+---------------+-------+-------------------+
[   30.386258] cloud-init[972]: ci-info: | enp0s3 |  True |         10.0.2.15          | 255.255.255.0 |   .   | 02:db:14:78:b4:e6 |
[[0;32m  OK  [0m] Reached target Cloud-config availability.
[   30.388272] [cloud-init[0;32m  OK  [0m[972]: ] ci-info: | enp0s3 |  True | fe80::db:14ff:fe78:b4e6/64 |       .       |  link | 02:db:14:78:b4:e6 |Reached target Network is Online.

[   30.820985]          cloud-initStarting iSCSI initiator daemon (iscsid)...[972]: 
ci-info: | enp0s8 | False |             .              |       .       |   .   | 08:00:27:e3:bd:46 |
[   30.914578] [cloud-init[0;32m  OK  [0m[972]: ] ci-info: |   lo   |  True |         127.0.0.1          |   255.0.0.0   |   .   |         .         |Reached target System Initialization.

[   30.916122] [cloud-init[0;32m  OK  [0m[972]: ] ci-info: |   lo   |  True |          ::1/128           |       .       |  host |         .         |Listening on ACPID Listen Socket.

[   30.974055] cloud-init[972]: ci-info: +--------+-------+----------------------------+---------------+-------+-------------------+
[   31.116774] [cloud-init[0;32m  OK  [0m[972]: ] ci-info: +++++++++++++++++++++++++++Route IPv4 info++++++++++++++++++++++++++++Started ACPI Events Check.

[   31.210156] [cloud-init[0;32m  OK  [0m[972]: ] ci-info: +-------+-------------+----------+---------------+-----------+-------+Reached target Paths.

[   31.211461] cloud-init[972]: ci-info: | Route | Destination | Gateway  |    Genmask    | Interface | Flags |
         Starting LXD - unix socket.
[   31.360236] [[0;32m  OK  [0m] Started Daily Cleanup of Temporary Directories.
         Starting Socket activation for snappy daemon.
cloud-init[972]: ci-info: +-------+-------------+----------+---------------+-----------+-------+
[[0;32m  OK  [0m] Started Timer to automatically refresh installed snaps.
[[0;32m  OK  [0m] Started Daily apt download activities.
[   31.497436] cloud-init[972]: ci-info: |   0   |   0.0.0.0   | 10.0.2.2 |    0.0.0.0    |   enp0s3  |   UG  |
[   31.706478] [cloud-init[0;32m  OK  [0m[972]: ] ci-info: |   1   |   10.0.2.0  | 0.0.0.0  | 255.255.255.0 |   enp0s3  |   U   |Listening on D-Bus System Message Bus Socket.

[   31.708934] [cloud-init[0;32m  OK  [0m[972]: ] ci-info: +-------+-------------+----------+---------------+-----------+-------+Listening on UUID daemon activation socket.

[   31.912869] [cloud-init[0;32m  OK  [0m[972]: ] Generating public/private rsa key pair.Started Daily apt upgrade and clean activities.

[   31.914310] [cloud-init[0;32m  OK  [0m[972]: ] Your identification has been saved in /etc/ssh/ssh_host_rsa_key.Reached target Timers.

[   32.030272] [cloud-init[0;32m  OK  [0m[972]: ] Your public key has been saved in /etc/ssh/ssh_host_rsa_key.pub.Listening on LXD - unix socket.

[   32.031633] [cloud-init[0;32m  OK  [0m[972]: ] The key fingerprint is:Listening on Socket activation for snappy daemon.

[   32.184083] [cloud-init[0;32m  OK  [0m[972]: ] SHA256:6uNhQM9rYq9/qNhEjPj4dBkeXVVnGvgjluYwgUwpwEE root@ubuntu-xenialStarted iSCSI initiator daemon (iscsid).

[   32.185663] cloud-init[972]: The key's randomart image is:
[   32.242022] cloud-init[972]: +---[RSA 2048]----+
         Starting Login to default iSCSI targets...
[[0;32m  OK  [0m] Reached target Sockets.
[[0;32m  OK  [0m] Reached target Basic System.
[   32.277565] cloud-init[972]: | oEo o.o  .oo o  |
[   32.372014] cloud-init[972]: |  . . + ...  =   |
[   32.405180] cloud-init[972]: |    ..  .. o.    |
[   32.479658] cloud-init[972]: | . + + .o = o    |
         Starting System Logging Service...
[   32.480438] cloud-init[972]: |. . * + S* . .   |
[[0;32m  OK  [0m] Started Deferred execution scheduler.
[   32.659801] cloud-init[972]: | o o = o  .      |
         Starting LSB: MD monitoring daemon...
[   32.709402] cloud-init[972]: |. o B *.         |
[   32.764982] cloud-init[972]: | o * *o..        |
         Starting LXD - container startup/shutdown...
[   32.765671] cloud-init[972]: |  o +==o         |
         Starting Login Service...
[   32.918573] cloud-init[972]: +----[SHA256]-----+
[   33.021275] cloud-init[972]: Generating public/private dsa key pair.
         Starting LSB: Record successful boot for GRUB...
[   33.023682] cloud-init[972]: Your identification has been saved in /etc/ssh/ssh_host_dsa_key.
[   33.136896] cloud-init[972]: Your public key has been saved in /etc/ssh/ssh_host_dsa_key.pub.
[[0;32m  OK  [0m] Started ACPI event daemon.
[   33.207478] cloud-init[972]: The key fingerprint is:
[   33.265657] cloud-init[972]: SHA256:+hQ6Zu5+KKLLxqgAmryIwSqSKhxCqJjMINXmEHR3SEY root@ubuntu-xenial
[   33.266793] cloud-init[972]: The key's randomart image is:
         Starting Apply the settings specified in cloud-config...
[   33.267313] cloud-init[972]: +---[DSA 1024]----+
         [   33.360692] Starting /etc/rc.local Compatibility...cloud-init
[972]: | .oo.oE..        |
[   33.361996] cloud-init[972]: |  o.oo..         |
[   33.475696] cloud-init[972]: |.. +             |
[   33.476389] cloud-init[972]: |+.  .            |
         Starting Accounts Service...
[   33.476765] cloud-init[972]: |X.      S        |
[   33.665118] cloud-init[972]: |X=     o .       |
         Starting Snappy daemon...
[   33.665930] cloud-init[972]: |X+.   *..        |
[   33.829065] cloud-init[972]: |%=o .+.+.        |
[   33.830115] cloud-init[972]: |/= . ++..        |
         Starting Pollinate to seed the pseudo random number generator...
[   33.830750] cloud-init[972]: +----[SHA256]-----+
[   33.925199] cloud-init[972]: Generating public/private ecdsa key pair.
[   33.926531] cloud-init[972]: Your identification has been saved in /etc/ssh/ssh_host_ecdsa_key.
[[0;32m  OK  [0m] Started D-Bus System Message Bus.
[   33.927295] cloud-init[972]: Your public key has been saved in /etc/ssh/ssh_host_ecdsa_key.pub.
[   33.991986] cloud-init[972]: The key fingerprint is:
[   34.021302] cloud-init[972]: SHA256:aEUtWyD8E5WBQsk5hCMIOHmqTWaWf0D2+bG9W/ll4B4 root@ubuntu-xenial
[   34.056950] cloud-init[972]: The key's randomart image is:
[   34.100833] cloud-init[972]: +---[ECDSA 256]---+
[[0;32m  OK  [0m] Started Unattended Upgrades Shutdown.
[   34.102515] cloud-init[972]: |+o   *+oo=oo     |
[   34.197565] cloud-init[972]: |= o = Bo+ +      |
[   34.212483] cloud-init[972]: | + = o =.=       |
[[0;32m  OK  [0m] Started FUSE filesystem for LXC.
[   34.245921] cloud-init[972]: |. * . oo=        |
[   34.389952] cloud-init[972]: |.* . .o.S=    .  |
[   34.392031] cloud-init[972]: |. . ... o .  o . |
[[   34.393631] [0;32m  OK  [0mcloud-init] [972]: Started Regular background program processing daemon.|     .     .o E o|

[   34.393926] cloud-init[972]: |          .. o + |
[   34.481224] cloud-init[972]: |          ..  o  |
[[   34.497710] cloud-init[972]: +----[SHA256]-----+
[0;32m  OK  [0m] Started System Logging Service.
[   34.499321] cloud-init[972]: Generating public/private ed25519 key pair.
[[   34.722289] cloud-init[972]: Your identification has been saved in /etc/ssh/ssh_host_ed25519_key.
[0;32m  OK  [0m] Started Snappy daemon.
[   34.724393] cloud-init[972]: Your public key has been saved in /etc/ssh/ssh_host_ed25519_key.pub.
[   35.037858] cloud-init[972]: The key fingerprint is:
[[0;32m  OK  [0m] Started LXD - container startup/shutdown.
[   35.039742] cloud-init[972]: SHA256:aLu8wgOsctv8Ib49F0e1+fSrHTxvl2x0BoOqPkoCYaw root@ubuntu-xenial
[   35.164753] cloud-init[972]: The key's randomart image is:
[[0;32m  OK  [0m] Started /etc/rc.local Compatibility.
[   35.165580] cloud-init[972]: +--[ED25519 256]--+
[   35.296633] cloud-init[972]: |                 |
[   35.299578] cloud-init[972]: | .          .    |
[[0;32m  OK  [0m] Started Pollinate to seed the pseudo random number generator.
[   35.301041] cloud-init[972]: |  +        . +   |
[   35.355587] cloud-init[972]: | o .   .  . + +  |
[   35.364155] cloud-init[972]: |E..   o S. . o + |
[   35.371709] cloud-init[972]: |  o. . .. o   o.+|
[   35.421995] cloud-init[972]: | . oo +  +    o=+|
[   35.524901] cloud-init[972]: |o .++*.o+     .=*|
[   35.525691] cloud-init[972]: |....==B*..   .ooo|
[[0;32m  OK  [0m] Started Login to default iSCSI targets.
[[0;32m  OK  [0m] Started LSB: MD monitoring daemon.
[   35.526099] cloud-init[972]: +----[SHA256]-----+
[   35.910747] cloud-init[1104]: Generating locales (this might take a while)...
[[0;32m  OK  [0m] Started LSB: Record successful boot for GRUB.
[[0;32m  OK  [0m] Started Login Service.
         Starting Authenticate and Authorize Users to Run Privileged Tasks...
[[0;32m  OK  [0m] Reached target Remote File Systems (Pre).
[[0;32m  OK  [0m] Reached target Remote File Systems.
         Starting LSB: automatic crash report generation...
         Starting LSB: Set the CPU Frequency Scaling governor to "ondemand"...
         Starting Permit User Sessions...
         Starting LSB: VirtualBox Linux Additions...
         Starting LSB: daemon to balance interrupts for SMP systems...
         Starting OpenBSD Secure Shell server...
[[0;32m  OK  [0m] Started OpenBSD Secure Shell server.
[[0;32m  OK  [0m] Started Permit User Sessions.
[[0;32m  OK  [0m] Started Authenticate and Authorize Users to Run Privileged Tasks.
[[0;32m  OK  [0m] Started Accounts Service.
         Starting Hold until boot process finishes up...
         Starting Terminate Plymouth Boot Screen...
[[0;32m  OK  [0m] Started LSB: automatic crash report generation.
[[0;32m  OK  [0m] Started LSB: Set the CPU Frequency Scaling governor to "ondemand".
[[0;32m  OK  [0m] Started LSB: VirtualBox Linux Additions.
[[0;32m  OK  [0m] Started LSB: daemon to balance interrupts for SMP systems.
[[0;32m  OK  [0m] Started Hold until boot process finishes up.
[[0;32m  OK  [0m] Started Terminate Plymouth Boot Screen.
[[0;32m  OK  [0m] Started Getty on tty1.
[[0;32m  OK  [0m] Started Serial Getty on ttyS0.
[[0;32m  OK  [0m] Reached target Login Prompts.
[   37.662061] cloud-init[1104]:   en_US.UTF-8... done
[   37.777024]          cloud-initStarting Set console scheme...[1104]: 
Generation complete.
[[0;32m  OK  [0m] Reached target Multi-User System.
[[0;32m  OK  [0m] Reached target Graphical Interface.
         Starting Update UTMP about System Runlevel Changes...
[[0;32m  OK  [0m] Started Set console scheme.
[[0;32m  OK  [0m] Created slice User Slice of vagrant.
[[0;32m  OK  [0m] Started Session 1 of user vagrant.
         Starting User Manager for UID 1000...
[[0;32m  OK  [0m] Started Update UTMP about System Runlevel Changes.
[[0;32m  OK  [0m] Started User Manager for UID 1000.
[   38.658457] cloud-init[1104]: Cloud-init v. 17.1 running 'modules:config' at Tue, 06 Mar 2018 15:22:49 +0000. Up 34.52 seconds.
[[0;32m  OK  [0m] Started Apply the settings specified in cloud-config.
         Starting Execute cloud user/final scripts...
ci-info: no authorized ssh keys fingerprints found for user ubuntu.
<14>Mar  6 15:22:54 ec2: 
<14>Mar  6 15:22:54 ec2: #############################################################
<14>Mar  6 15:22:54 ec2: -----BEGIN SSH HOST KEY FINGERPRINTS-----
<14>Mar  6 15:22:54 ec2: 1024 SHA256:+hQ6Zu5+KKLLxqgAmryIwSqSKhxCqJjMINXmEHR3SEY root@ubuntu-xenial (DSA)
<14>Mar  6 15:22:54 ec2: 256 SHA256:aEUtWyD8E5WBQsk5hCMIOHmqTWaWf0D2+bG9W/ll4B4 root@ubuntu-xenial (ECDSA)
<14>Mar  6 15:22:54 ec2: 256 SHA256:aLu8wgOsctv8Ib49F0e1+fSrHTxvl2x0BoOqPkoCYaw root@ubuntu-xenial (ED25519)
<14>Mar  6 15:22:54 ec2: 2048 SHA256:6uNhQM9rYq9/qNhEjPj4dBkeXVVnGvgjluYwgUwpwEE root@ubuntu-xenial (RSA)
<14>Mar  6 15:22:54 ec2: -----END SSH HOST KEY FINGERPRINTS-----
<14>Mar  6 15:22:54 ec2: #############################################################
-----BEGIN SSH HOST KEY KEYS-----
ecdsa-sha2-nistp256 AAAAE2VjZHNhLXNoYTItbmlzdHAyNTYAAAAIbmlzdHAyNTYAAABBBBmwMKf5LN3yPF+No/fqLfCJ3+RrIXFromonC9Oe4Bo0VlEm37yK3inFUzu3WO0/UQY+bvbbw91k3A+OWPX7sOw= root@ubuntu-xenial
ssh-ed25519 AAAAC3NzaC1lZDI1NTE5AAAAIH00oWvVUHmNiWslfEhH2uxeoafd3clkj9oxCiMl2VoR root@ubuntu-xenial
ssh-rsa AAAAB3NzaC1yc2EAAAADAQABAAABAQDqVNFwfRQpAXtmrRLy17pKESsD+T7hpHrrtQM+z5n+iVZMXzhwkMGIDliHM9xD6trjnW6fwpJZIeFoiRLja7i3dOYjltdt6HTU00AsLSy2syNdXNF6lFSNOXGF3PyhTJ3BFZnMrjlKzC4cUfDeTpdg33wHKVMRKrIztD2KjyNC7MV9uiYcdbCYbtR/toEaQwFfvSj0+XsPCY5N7GcbIFEjpH537qSY2IrartzPiFCLNanQA9QMGDCa3PFYl+Sz9f5956OuNdhcZm2WgBSHQg7oFU3+2ryNXeAToO3DaQyp0pu8945uioZ7mf4mgQcU3hgMMLQhnfvGjV9WuUADWivf root@ubuntu-xenial
-----END SSH HOST KEY KEYS-----
         Stopping User Manager for UID 1000...
[[0;32m  OK  [0m] Stopped User Manager for UID 1000.
[   41.081977] cloud-init[1403]: Cloud-init v. 17.1 running 'modules:final' at Tue, 06 Mar 2018 15:22:54 +0000. Up 39.83 seconds.
[[0;32m  OK  [0m] Removed slice User Slice of vagrant.
[   41.127575] cloud-init[1403]: ci-info: no authorized ssh keys fingerprints found for user ubuntu.
[   41.168839] cloud-init[1403]: Cloud-init v. 17.1 finished at Tue, 06 Mar 2018 15:22:55 +0000. Datasource DataSourceNoCloud [seed=/dev/sdb][dsmode=net].  Up 41.01 seconds
[[0;32m  OK  [0m] Started Execute cloud user/final scripts.
[[0;32m  OK  [0m] Reached target Cloud-init target.

Ubuntu 16.04.3 LTS ubuntu-xenial ttyS0

ubuntu-xenial login: 